{"/home/dmitry-kazakov/projects/dk/checker-remove-extraneous/src/getRemovablePaths.ts": {"path":"/home/dmitry-kazakov/projects/dk/checker-remove-extraneous/src/getRemovablePaths.ts","statementMap":{"0":{"start":{"line":2,"column":0},"end":{"line":4,"column":3}},"1":{"start":{"line":5,"column":0},"end":{"line":8,"column":3}},"2":{"start":{"line":7,"column":13},"end":{"line":7,"column":30}},"3":{"start":{"line":9,"column":33},"end":{"line":9,"column":78}},"4":{"start":{"line":11,"column":4},"end":{"line":13,"column":6}},"5":{"start":{"line":16,"column":92},"end":{"line":16,"column":98}},"6":{"start":{"line":17,"column":4},"end":{"line":37,"column":7}},"7":{"start":{"line":18,"column":39},"end":{"line":18,"column":80}},"8":{"start":{"line":19,"column":28},"end":{"line":19,"column":62}},"9":{"start":{"line":20,"column":25},"end":{"line":20,"column":63}},"10":{"start":{"line":21,"column":30},"end":{"line":21,"column":101}},"11":{"start":{"line":22,"column":8},"end":{"line":26,"column":9}},"12":{"start":{"line":23,"column":12},"end":{"line":23,"column":92}},"13":{"start":{"line":23,"column":85},"end":{"line":23,"column":92}},"14":{"start":{"line":25,"column":12},"end":{"line":25,"column":54}},"15":{"start":{"line":27,"column":20},"end":{"line":27,"column":111}},"16":{"start":{"line":29,"column":8},"end":{"line":36,"column":11}},"17":{"start":{"line":38,"column":4},"end":{"line":38,"column":26}}},"fnMap":{"0":{"name":"(anonymous_0)","decl":{"start":{"line":7,"column":9},"end":{"line":7,"column":10}},"loc":{"start":{"line":7,"column":13},"end":{"line":7,"column":30}},"line":7},"1":{"name":"_interopRequireDefault","decl":{"start":{"line":10,"column":9},"end":{"line":10,"column":31}},"loc":{"start":{"line":10,"column":37},"end":{"line":14,"column":1}},"line":10},"2":{"name":"getRemovablePaths","decl":{"start":{"line":15,"column":9},"end":{"line":15,"column":26}},"loc":{"start":{"line":15,"column":35},"end":{"line":39,"column":1}},"line":15},"3":{"name":"(anonymous_3)","decl":{"start":{"line":17,"column":18},"end":{"line":17,"column":19}},"loc":{"start":{"line":17,"column":34},"end":{"line":37,"column":5}},"line":17}},"branchMap":{"0":{"loc":{"start":{"line":11,"column":11},"end":{"line":13,"column":5}},"type":"cond-expr","locations":[{"start":{"line":11,"column":35},"end":{"line":11,"column":38}},{"start":{"line":11,"column":41},"end":{"line":13,"column":5}}],"line":11},"1":{"loc":{"start":{"line":11,"column":11},"end":{"line":11,"column":32}},"type":"binary-expr","locations":[{"start":{"line":11,"column":11},"end":{"line":11,"column":14}},{"start":{"line":11,"column":18},"end":{"line":11,"column":32}}],"line":11},"2":{"loc":{"start":{"line":16,"column":38},"end":{"line":16,"column":51}},"type":"default-arg","locations":[{"start":{"line":16,"column":50},"end":{"line":16,"column":51}}],"line":16},"3":{"loc":{"start":{"line":16,"column":68},"end":{"line":16,"column":86}},"type":"default-arg","locations":[{"start":{"line":16,"column":84},"end":{"line":16,"column":86}}],"line":16},"4":{"loc":{"start":{"line":18,"column":39},"end":{"line":18,"column":80}},"type":"binary-expr","locations":[{"start":{"line":18,"column":39},"end":{"line":18,"column":50}},{"start":{"line":18,"column":54},"end":{"line":18,"column":80}}],"line":18},"5":{"loc":{"start":{"line":21,"column":30},"end":{"line":21,"column":101}},"type":"cond-expr","locations":[{"start":{"line":21,"column":49},"end":{"line":21,"column":87}},{"start":{"line":21,"column":90},"end":{"line":21,"column":101}}],"line":21},"6":{"loc":{"start":{"line":22,"column":8},"end":{"line":26,"column":9}},"type":"if","locations":[{"start":{"line":22,"column":8},"end":{"line":26,"column":9}},{"start":{"line":22,"column":8},"end":{"line":26,"column":9}}],"line":22},"7":{"loc":{"start":{"line":23,"column":12},"end":{"line":23,"column":92}},"type":"if","locations":[{"start":{"line":23,"column":12},"end":{"line":23,"column":92}},{"start":{"line":23,"column":12},"end":{"line":23,"column":92}}],"line":23},"8":{"loc":{"start":{"line":27,"column":20},"end":{"line":27,"column":111}},"type":"cond-expr","locations":[{"start":{"line":27,"column":35},"end":{"line":27,"column":39}},{"start":{"line":27,"column":42},"end":{"line":27,"column":111}}],"line":27},"9":{"loc":{"start":{"line":27,"column":66},"end":{"line":27,"column":97}},"type":"cond-expr","locations":[{"start":{"line":27,"column":85},"end":{"line":27,"column":89}},{"start":{"line":27,"column":92},"end":{"line":27,"column":97}}],"line":27}},"s":{"0":1,"1":1,"2":13,"3":1,"4":1,"5":94,"6":94,"7":183,"8":183,"9":183,"10":183,"11":183,"12":102,"13":46,"14":56,"15":81,"16":81,"17":94},"f":{"0":13,"1":1,"2":94,"3":183},"b":{"0":[0,1],"1":[1,1],"2":[13],"3":[13],"4":[183,19],"5":[164,19],"6":[102,81],"7":[46,56],"8":[9,72],"9":[8,64]},"_coverageSchema":"1a1c01bbd47fc00a2c39e90264f33305004495a9","hash":"90716d6429eb48b9482fd16f9d2b7c3017a5a7af","contentHash":"9f1f5e829035d8d192d5836530751740e17c15904335e8ff739b907e499bf4ff"}
,"/home/dmitry-kazakov/projects/dk/checker-remove-extraneous/src/index.ts": {"path":"/home/dmitry-kazakov/projects/dk/checker-remove-extraneous/src/index.ts","statementMap":{"0":{"start":{"line":2,"column":0},"end":{"line":4,"column":3}},"1":{"start":{"line":6,"column":4},"end":{"line":9,"column":7}},"2":{"start":{"line":6,"column":24},"end":{"line":9,"column":7}},"3":{"start":{"line":11,"column":0},"end":{"line":14,"column":3}},"4":{"start":{"line":12,"column":20},"end":{"line":12,"column":37}},"5":{"start":{"line":13,"column":32},"end":{"line":13,"column":78}},"6":{"start":{"line":15,"column":15},"end":{"line":15,"column":33}},"7":{"start":{"line":16,"column":32},"end":{"line":16,"column":67}}},"fnMap":{"0":{"name":"_export","decl":{"start":{"line":5,"column":9},"end":{"line":5,"column":16}},"loc":{"start":{"line":5,"column":30},"end":{"line":10,"column":1}},"line":5},"1":{"name":"(anonymous_1)","decl":{"start":{"line":12,"column":16},"end":{"line":12,"column":17}},"loc":{"start":{"line":12,"column":20},"end":{"line":12,"column":37}},"line":12},"2":{"name":"(anonymous_2)","decl":{"start":{"line":13,"column":28},"end":{"line":13,"column":29}},"loc":{"start":{"line":13,"column":32},"end":{"line":13,"column":78}},"line":13}},"branchMap":{},"s":{"0":1,"1":1,"2":2,"3":1,"4":0,"5":14,"6":1,"7":1},"f":{"0":1,"1":0,"2":14},"b":{},"_coverageSchema":"1a1c01bbd47fc00a2c39e90264f33305004495a9","hash":"e03037da2bffebb7229405d93238a3d6b3eb146f","contentHash":"da8b40aff5b450d576db872fb465c967e7e1d8d7fd8d787db84f9f9709c15a34"}
,"/home/dmitry-kazakov/projects/dk/checker-remove-extraneous/src/removeExtraneousParams.ts": {"path":"/home/dmitry-kazakov/projects/dk/checker-remove-extraneous/src/removeExtraneousParams.ts","statementMap":{"0":{"start":{"line":2,"column":0},"end":{"line":4,"column":3}},"1":{"start":{"line":5,"column":0},"end":{"line":8,"column":3}},"2":{"start":{"line":7,"column":13},"end":{"line":7,"column":35}},"3":{"start":{"line":9,"column":35},"end":{"line":9,"column":82}},"4":{"start":{"line":10,"column":27},"end":{"line":10,"column":57}},"5":{"start":{"line":12,"column":4},"end":{"line":14,"column":6}},"6":{"start":{"line":17,"column":4},"end":{"line":17,"column":91}},"7":{"start":{"line":17,"column":30},"end":{"line":17,"column":82}},"8":{"start":{"line":20,"column":44},"end":{"line":20,"column":50}},"9":{"start":{"line":21,"column":27},"end":{"line":21,"column":58}},"10":{"start":{"line":22,"column":4},"end":{"line":22,"column":39}},"11":{"start":{"line":22,"column":27},"end":{"line":22,"column":39}},"12":{"start":{"line":23,"column":4},"end":{"line":23,"column":60}},"13":{"start":{"line":28,"column":28},"end":{"line":28,"column":144}},"14":{"start":{"line":28,"column":68},"end":{"line":28,"column":95}},"15":{"start":{"line":28,"column":114},"end":{"line":28,"column":143}},"16":{"start":{"line":29,"column":4},"end":{"line":29,"column":50}},"17":{"start":{"line":29,"column":38},"end":{"line":29,"column":50}},"18":{"start":{"line":30,"column":4},"end":{"line":33,"column":7}},"19":{"start":{"line":34,"column":4},"end":{"line":34,"column":75}},"20":{"start":{"line":34,"column":36},"end":{"line":34,"column":73}},"21":{"start":{"line":35,"column":4},"end":{"line":37,"column":7}},"22":{"start":{"line":39,"column":4},"end":{"line":43,"column":7}}},"fnMap":{"0":{"name":"(anonymous_0)","decl":{"start":{"line":7,"column":9},"end":{"line":7,"column":10}},"loc":{"start":{"line":7,"column":13},"end":{"line":7,"column":35}},"line":7},"1":{"name":"_interopRequireDefault","decl":{"start":{"line":11,"column":9},"end":{"line":11,"column":31}},"loc":{"start":{"line":11,"column":37},"end":{"line":15,"column":1}},"line":11},"2":{"name":"flattenValidations","decl":{"start":{"line":16,"column":9},"end":{"line":16,"column":27}},"loc":{"start":{"line":16,"column":36},"end":{"line":18,"column":1}},"line":16},"3":{"name":"(anonymous_3)","decl":{"start":{"line":17,"column":22},"end":{"line":17,"column":23}},"loc":{"start":{"line":17,"column":30},"end":{"line":17,"column":82}},"line":17},"4":{"name":"removeExtraneousParams","decl":{"start":{"line":19,"column":9},"end":{"line":19,"column":31}},"loc":{"start":{"line":19,"column":40},"end":{"line":44,"column":1}},"line":19},"5":{"name":"(anonymous_5)","decl":{"start":{"line":28,"column":52},"end":{"line":28,"column":53}},"loc":{"start":{"line":28,"column":68},"end":{"line":28,"column":95}},"line":28},"6":{"name":"(anonymous_6)","decl":{"start":{"line":28,"column":101},"end":{"line":28,"column":102}},"loc":{"start":{"line":28,"column":114},"end":{"line":28,"column":143}},"line":28},"7":{"name":"(anonymous_7)","decl":{"start":{"line":34,"column":28},"end":{"line":34,"column":29}},"loc":{"start":{"line":34,"column":36},"end":{"line":34,"column":73}},"line":34}},"branchMap":{"0":{"loc":{"start":{"line":12,"column":11},"end":{"line":14,"column":5}},"type":"cond-expr","locations":[{"start":{"line":12,"column":35},"end":{"line":12,"column":38}},{"start":{"line":12,"column":41},"end":{"line":14,"column":5}}],"line":12},"1":{"loc":{"start":{"line":12,"column":11},"end":{"line":12,"column":32}},"type":"binary-expr","locations":[{"start":{"line":12,"column":11},"end":{"line":12,"column":14}},{"start":{"line":12,"column":18},"end":{"line":12,"column":32}}],"line":12},"2":{"loc":{"start":{"line":17,"column":30},"end":{"line":17,"column":82}},"type":"cond-expr","locations":[{"start":{"line":17,"column":44},"end":{"line":17,"column":75}},{"start":{"line":17,"column":78},"end":{"line":17,"column":82}}],"line":17},"3":{"loc":{"start":{"line":22,"column":4},"end":{"line":22,"column":39}},"type":"if","locations":[{"start":{"line":22,"column":4},"end":{"line":22,"column":39}},{"start":{"line":22,"column":4},"end":{"line":22,"column":39}}],"line":22},"4":{"loc":{"start":{"line":29,"column":4},"end":{"line":29,"column":50}},"type":"if","locations":[{"start":{"line":29,"column":4},"end":{"line":29,"column":50}},{"start":{"line":29,"column":4},"end":{"line":29,"column":50}}],"line":29},"5":{"loc":{"start":{"line":35,"column":4},"end":{"line":37,"column":6}},"type":"cond-expr","locations":[{"start":{"line":35,"column":43},"end":{"line":35,"column":49}},{"start":{"line":35,"column":52},"end":{"line":37,"column":6}}],"line":35},"6":{"loc":{"start":{"line":35,"column":4},"end":{"line":35,"column":40}},"type":"binary-expr","locations":[{"start":{"line":35,"column":4},"end":{"line":35,"column":19}},{"start":{"line":35,"column":23},"end":{"line":35,"column":40}}],"line":35}},"s":{"0":1,"1":1,"2":14,"3":1,"4":1,"5":1,"6":13,"7":19,"8":27,"9":27,"10":27,"11":14,"12":13,"13":13,"14":19,"15":19,"16":13,"17":0,"18":13,"19":13,"20":56,"21":13,"22":13},"f":{"0":14,"1":1,"2":13,"3":19,"4":27,"5":19,"6":19,"7":56},"b":{"0":[0,1],"1":[1,1],"2":[0,19],"3":[14,13],"4":[0,13],"5":[11,2],"6":[13,13]},"_coverageSchema":"1a1c01bbd47fc00a2c39e90264f33305004495a9","hash":"e25945793ff9ab79c4a27d04c6f4a3cfe44e68c9","contentHash":"0ef6f79d4cd1adeb437490074bfae1679a6b803fed35e92b6b6f267c7e1c8453"}
,"/home/dmitry-kazakov/projects/dk/checker-remove-extraneous/src/types.ts": {"path":"/home/dmitry-kazakov/projects/dk/checker-remove-extraneous/src/types.ts","statementMap":{"0":{"start":{"line":2,"column":0},"end":{"line":4,"column":3}}},"fnMap":{},"branchMap":{},"s":{"0":1},"f":{},"b":{},"_coverageSchema":"1a1c01bbd47fc00a2c39e90264f33305004495a9","hash":"299762d0d8a14b4058ded820cafed9194d86a40d","contentHash":"56d12d4b3a3442299b69ccb1c114cf774efab854836e8c9dec69b2e8ace33cf1"}
}
