{"/home/dmitry-kazakov/projects/dk/checker-remove-extraneous/src/getRemovablePaths.ts": {"path":"/home/dmitry-kazakov/projects/dk/checker-remove-extraneous/src/getRemovablePaths.ts","statementMap":{"0":{"start":{"line":2,"column":0},"end":{"line":2,"column":29}},"1":{"start":{"line":13,"column":89},"end":{"line":13,"column":96}},"2":{"start":{"line":13,"column":22},"end":{"line":13,"column":29}},"3":{"start":{"line":13,"column":46},"end":{"line":13,"column":52}},"4":{"start":{"line":13,"column":79},"end":{"line":13,"column":89}},"5":{"start":{"line":15,"column":2},"end":{"line":44,"column":5}},"6":{"start":{"line":16,"column":15},"end":{"line":16,"column":17}},"7":{"start":{"line":17,"column":24},"end":{"line":17,"column":40}},"8":{"start":{"line":19,"column":4},"end":{"line":24,"column":null}},"9":{"start":{"line":20,"column":6},"end":{"line":20,"column":47}},"10":{"start":{"line":21,"column":6},"end":{"line":21,"column":37}},"11":{"start":{"line":23,"column":6},"end":{"line":23,"column":65}},"12":{"start":{"line":26,"column":4},"end":{"line":31,"column":null}},"13":{"start":{"line":27,"column":6},"end":{"line":27,"column":57}},"14":{"start":{"line":27,"column":50},"end":{"line":27,"column":57}},"15":{"start":{"line":30,"column":6},"end":{"line":30,"column":39}},"16":{"start":{"line":33,"column":16},"end":{"line":33,"column":90}},"17":{"start":{"line":36,"column":4},"end":{"line":43,"column":7}},"18":{"start":{"line":46,"column":2},"end":{"line":46,"column":24}},"19":{"start":{"line":4,"column":0},"end":{"line":4,"column":16}}},"fnMap":{"0":{"name":"getRemovablePaths","decl":{"start":{"line":4,"column":16},"end":{"line":4,"column":33}},"loc":{"start":{"line":12,"column":1},"end":{"line":47,"column":1}}},"1":{"name":"(anonymous_2)","decl":{"start":{"line":15,"column":16},"end":{"line":15,"column":17}},"loc":{"start":{"line":15,"column":29},"end":{"line":44,"column":3}}}},"branchMap":{"0":{"loc":{"start":{"line":13,"column":22},"end":{"line":13,"column":29}},"type":"cond-expr","locations":[{"start":{"line":13,"column":25},"end":{"line":13,"column":27}},{"start":{"line":13,"column":27},"end":{"line":13,"column":29}}]},"1":{"loc":{"start":{"line":13,"column":46},"end":{"line":13,"column":52}},"type":"cond-expr","locations":[{"start":{"line":13,"column":49},"end":{"line":13,"column":50}},{"start":{"line":13,"column":50},"end":{"line":13,"column":52}}]},"2":{"loc":{"start":{"line":13,"column":79},"end":{"line":13,"column":89}},"type":"cond-expr","locations":[{"start":{"line":13,"column":82},"end":{"line":13,"column":84}},{"start":{"line":13,"column":84},"end":{"line":13,"column":89}}]},"3":{"loc":{"start":{"line":19,"column":4},"end":{"line":24,"column":null}},"type":"if","locations":[{"start":{"line":19,"column":4},"end":{"line":24,"column":null}},{"start":{"line":19,"column":4},"end":{"line":24,"column":null}}]},"4":{"loc":{"start":{"line":26,"column":4},"end":{"line":31,"column":null}},"type":"if","locations":[{"start":{"line":26,"column":4},"end":{"line":31,"column":null}},{"start":{"line":26,"column":4},"end":{"line":31,"column":null}}]},"5":{"loc":{"start":{"line":27,"column":6},"end":{"line":27,"column":57}},"type":"if","locations":[{"start":{"line":27,"column":6},"end":{"line":27,"column":57}},{"start":{"line":27,"column":6},"end":{"line":27,"column":57}}]},"6":{"loc":{"start":{"line":33,"column":20},"end":{"line":33,"column":46}},"type":"cond-expr","locations":[{"start":{"line":33,"column":34},"end":{"line":33,"column":38}},{"start":{"line":33,"column":41},"end":{"line":33,"column":46}}]}},"s":{"0":1,"1":270,"2":45,"3":45,"4":45,"5":45,"6":88,"7":88,"8":88,"9":9,"10":9,"11":79,"12":88,"13":49,"14":21,"15":28,"16":39,"17":39,"18":45,"19":1},"f":{"0":45,"1":88},"b":{"0":[6,39],"1":[6,39],"2":[6,39],"3":[9,79],"4":[49,39],"5":[21,28],"6":[7,32]}}
,"/home/dmitry-kazakov/projects/dk/checker-remove-extraneous/src/index.ts": {"path":"/home/dmitry-kazakov/projects/dk/checker-remove-extraneous/src/index.ts","statementMap":{"0":{"start":{"line":2,"column":0},"end":{"line":2,"column":9}},"1":{"start":{"line":2,"column":9},"end":{"line":2,"column":66}}},"fnMap":{"0":{"name":"(anonymous_0)","decl":{"start":{"line":2,"column":9},"end":{"line":2,"column":31}},"loc":{"start":{"line":2,"column":9},"end":{"line":2,"column":66}}}},"branchMap":{},"s":{"0":1,"1":8},"f":{"0":7},"b":{}}
,"/home/dmitry-kazakov/projects/dk/checker-remove-extraneous/src/removeExtraneousParams.ts": {"path":"/home/dmitry-kazakov/projects/dk/checker-remove-extraneous/src/removeExtraneousParams.ts","statementMap":{"0":{"start":{"line":2,"column":0},"end":{"line":2,"column":33}},"1":{"start":{"line":5,"column":0},"end":{"line":5,"column":56}},"2":{"start":{"line":9,"column":2},"end":{"line":9,"column":93}},"3":{"start":{"line":9,"column":30},"end":{"line":9,"column":85}},"4":{"start":{"line":18,"column":39},"end":{"line":18,"column":46}},"5":{"start":{"line":20,"column":25},"end":{"line":20,"column":56}},"6":{"start":{"line":22,"column":2},"end":{"line":22,"column":37}},"7":{"start":{"line":22,"column":25},"end":{"line":22,"column":37}},"8":{"start":{"line":24,"column":2},"end":{"line":24,"column":58}},"9":{"start":{"line":32,"column":24},"end":{"line":34,"column":50}},"10":{"start":{"line":33,"column":22},"end":{"line":33,"column":24}},"11":{"start":{"line":33,"column":29},"end":{"line":33,"column":57}},"12":{"start":{"line":34,"column":16},"end":{"line":34,"column":18}},"13":{"start":{"line":34,"column":23},"end":{"line":34,"column":50}},"14":{"start":{"line":36,"column":2},"end":{"line":36,"column":48}},"15":{"start":{"line":36,"column":36},"end":{"line":36,"column":48}},"16":{"start":{"line":38,"column":2},"end":{"line":38,"column":72}},"17":{"start":{"line":40,"column":2},"end":{"line":40,"column":55}},"18":{"start":{"line":40,"column":36},"end":{"line":40,"column":54}},"19":{"start":{"line":42,"column":2},"end":{"line":42,"column":32}},"20":{"start":{"line":45,"column":2},"end":{"line":45,"column":62}},"21":{"start":{"line":12,"column":0},"end":{"line":12,"column":16}}},"fnMap":{"0":{"name":"flattenValidations","decl":{"start":{"line":8,"column":9},"end":{"line":8,"column":27}},"loc":{"start":{"line":8,"column":55},"end":{"line":10,"column":1}}},"1":{"name":"(anonymous_2)","decl":{"start":{"line":9,"column":20},"end":{"line":9,"column":21}},"loc":{"start":{"line":9,"column":25},"end":{"line":9,"column":31}}},"2":{"name":"removeExtraneousParams","decl":{"start":{"line":12,"column":16},"end":{"line":12,"column":38}},"loc":{"start":{"line":17,"column":1},"end":{"line":46,"column":1}}},"3":{"name":"(anonymous_4)","decl":{"start":{"line":33,"column":12},"end":{"line":33,"column":13}},"loc":{"start":{"line":33,"column":24},"end":{"line":33,"column":36}}},"4":{"name":"(anonymous_5)","decl":{"start":{"line":34,"column":9},"end":{"line":34,"column":10}},"loc":{"start":{"line":34,"column":18},"end":{"line":34,"column":27}}},"5":{"name":"(anonymous_6)","decl":{"start":{"line":40,"column":26},"end":{"line":40,"column":27}},"loc":{"start":{"line":40,"column":31},"end":{"line":40,"column":41}}}},"branchMap":{"0":{"loc":{"start":{"line":9,"column":31},"end":{"line":9,"column":83}},"type":"cond-expr","locations":[{"start":{"line":9,"column":45},"end":{"line":9,"column":76}},{"start":{"line":9,"column":79},"end":{"line":9,"column":83}}]},"1":{"loc":{"start":{"line":22,"column":2},"end":{"line":22,"column":37}},"type":"if","locations":[{"start":{"line":22,"column":2},"end":{"line":22,"column":37}},{"start":{"line":22,"column":2},"end":{"line":22,"column":37}}]},"2":{"loc":{"start":{"line":36,"column":2},"end":{"line":36,"column":48}},"type":"if","locations":[{"start":{"line":36,"column":2},"end":{"line":36,"column":48}},{"start":{"line":36,"column":2},"end":{"line":36,"column":48}}]},"3":{"loc":{"start":{"line":42,"column":2},"end":{"line":42,"column":31}},"type":"cond-expr","locations":[{"start":{"line":42,"column":8},"end":{"line":42,"column":11}},{"start":{"line":42,"column":2},"end":{"line":42,"column":31}}]},"4":{"loc":{"start":{"line":42,"column":2},"end":{"line":42,"column":11}},"type":"binary-expr","locations":[{"start":{"line":42,"column":2},"end":{"line":42,"column":11}},{"start":{"line":42,"column":2},"end":{"line":42,"column":11}}]}},"s":{"0":1,"1":1,"2":6,"3":9,"4":39,"5":13,"6":13,"7":7,"8":6,"9":6,"10":9,"11":9,"12":9,"13":9,"14":6,"15":0,"16":6,"17":6,"18":28,"19":6,"20":6,"21":1},"f":{"0":6,"1":9,"2":13,"3":9,"4":9,"5":28},"b":{"0":[0,9],"1":[7,6],"2":[0,6],"3":[5,1],"4":[6,6]}}
}
